<?xml version="1.0" encoding="UTF-8" ?>

<testsuite failures="0" time="0.237" errors="0" skipped="0" tests="6" name="BasicTest">
  <testcase classname="BasicTest" name="tryConnectAsUser" time="0.006">
      </testcase>
  <testcase classname="BasicTest" name="createAndRetriveUser" time="0.003">
      </testcase>
  <testcase classname="BasicTest" name="postComment" time="0.008">
      </testcase>
  <testcase classname="BasicTest" name="createPost" time="0.006">
      </testcase>
  <testcase classname="BasicTest" name="useTheCommentRelation" time="0.018">
      </testcase>
  <testcase classname="BasicTest" name="fullTest" time="0.196">
      </testcase>
</testsuite>
